<?xml version="1.0" encoding="UTF-8"?>
<!-- Generated by org.testng.reporters.JUnitXMLReporter -->
<testsuite ignored="0" hostname="DESKTOP-2JGO8IH" failures="0" tests="5" name="Default test" time="52.201" errors="0" timestamp="03 Jun 2024 12:42:44 GMT">
  <testcase classname="test.CommonTest" name="LoginActiTest" time="6.492"/>
  <testcase classname="test.CommonTest" name="creatingCustomerTest" time="6.104"/>
  <testcase classname="test.CommonTest" name="creatingProjectTest" time="7.653"/>
  <testcase classname="test.CommonTest" name="creatingTaskTest" time="19.199"/>
  <testcase classname="test.CommonTest" name="creatingNewTaskFromTaskTabTest" time="12.731"/>
</testsuite> <!-- Default test -->
