<?xml version="1.0" encoding="UTF-8"?>
<!-- Generated by org.testng.reporters.JUnitXMLReporter -->
<testsuite ignored="2" hostname="DESKTOP-2JGO8IH" failures="0" tests="1" name="Default test" time="16.129" errors="0" timestamp="18 Jun 2024 10:49:54 GMT">
  <testcase classname="test.customerTest" name="delete_VerifyTest" time="16.116"/>
  <testcase classname="test.customerTest" name="editinCustomerNameTest" time="0.0">
    <ignored/>
  </testcase> <!-- editinCustomerNameTest -->
  <testcase classname="test.customerTest" name="deletingCustomerTest" time="0.0">
    <ignored/>
  </testcase> <!-- deletingCustomerTest -->
</testsuite> <!-- Default test -->
