<?xml version="1.0" encoding="UTF-8"?>
<!-- Generated by org.testng.reporters.JUnitXMLReporter -->
<testsuite ignored="0" hostname="DESKTOP-2JGO8IH" failures="0" tests="7" name="CommonTest" time="130.995" errors="0" timestamp="25 Jun 2024 10:25:18 GMT">
  <testcase classname="test.CommonTest" name="creatingCustomerTest" time="6.343"/>
  <testcase classname="test.CommonTest" name="editinCustomerNameTest" time="17.878"/>
  <testcase classname="test.CommonTest" name="creatingProjectTest" time="6.977"/>
  <testcase classname="test.CommonTest" name="creatingTaskTest" time="10.427"/>
  <testcase classname="test.CommonTest" name="creatingNewTaskFromTaskTabTest" time="68.063"/>
  <testcase classname="test.CommonTest" name="deletingCustomerTest" time="9.241"/>
  <testcase classname="test.CommonTest" name="DeletingTaskTest" time="12.06"/>
</testsuite> <!-- CommonTest -->
