<?xml version="1.0" encoding="UTF-8"?>
<!-- Generated by org.testng.reporters.JUnitXMLReporter -->
<testsuite ignored="0" hostname="DESKTOP-2JGO8IH" failures="0" tests="1" name="deleting customer names by searching" time="0.022" errors="0" timestamp="12 May 2024 10:41:18 GMT">
  <testcase classname="resources.BaseActi" name="@BeforeSuite launching" time="2.277">
    <failure type="java.lang.NullPointerException" message="Cannot invoke &amp;quot;org.apache.logging.log4j.Logger.debug(String)&amp;quot; because &amp;quot;this.log&amp;quot; is null">
      <![CDATA[java.lang.NullPointerException: Cannot invoke "org.apache.logging.log4j.Logger.debug(String)" because "this.log" is null
	at resources.BaseActi.launching(BaseActi.java:81)
... Removed 19 stack frames]]>
    </failure>
  </testcase> <!-- @BeforeSuite launching -->
  <testcase classname="test.DeletCustomerName" name="DeleteCustomer" time="0.0">
    <skipped/>
  </testcase> <!-- DeleteCustomer -->
</testsuite> <!-- deleting customer names by searching -->
