<?xml version="1.0" encoding="UTF-8"?>
<!-- Generated by org.testng.reporters.JUnitXMLReporter -->
<testsuite ignored="0" hostname="DESKTOP-2JGO8IH" failures="0" tests="3" name="ReportPageTest" time="24.399" errors="0" timestamp="25 Jun 2024 10:23:07 GMT">
  <testcase classname="test.ReportPageTest" name="creatAndVerifyWidget" time="9.244"/>
  <testcase classname="test.ReportPageTest" name="deleteWidget" time="7.154"/>
  <testcase classname="test.ReportPageTest" name="editNameOfwidget" time="7.957"/>
</testsuite> <!-- ReportPageTest -->
