<?xml version="1.0" encoding="UTF-8"?>
<!-- Generated by org.testng.reporters.JUnitXMLReporter -->
<testsuite ignored="6" hostname="DESKTOP-2JGO8IH" failures="0" tests="10" name="Test" time="116.213" errors="0" timestamp="18 Jun 2024 10:43:52 GMT">
  <testcase classname="test.Deleting_Task_Test" name="delete_VerifyTest" time="16.48"/>
  <testcase classname="test.customerTest" name="delete_VerifyTest" time="15.225"/>
  <testcase classname="test.tasksListCheckTest" name="tasksListCheckTest" time="13.911"/>
  <testcase classname="test.CommonTest" name="creatingCustomerTest" time="5.162"/>
  <testcase classname="test.customerTest" name="editinCustomerNameTest" time="8.629"/>
  <testcase classname="test.tasksListCheckTest" name="totalTasksTest" time="15.995"/>
  <testcase classname="test.CommonTest" name="creatingProjectTest" time="7.395"/>
  <testcase classname="test.customerTest" name="deletingCustomerTest" time="8.719"/>
  <testcase classname="test.CommonTest" name="creatingTaskTest" time="10.972"/>
  <testcase classname="test.CommonTest" name="creatingNewTaskFromTaskTabTest" time="13.68"/>
  <testcase classname="resources.BaseActi" name="@BeforeSuite launching" time="0.0">
    <ignored/>
  </testcase> <!-- @BeforeSuite launching -->
  <testcase classname="resources.BaseActi" name="@BeforeSuite launching" time="0.0">
    <ignored/>
  </testcase> <!-- @BeforeSuite launching -->
  <testcase classname="resources.BaseActi" name="@BeforeSuite launching" time="0.0">
    <ignored/>
  </testcase> <!-- @BeforeSuite launching -->
  <testcase classname="resources.BaseActi" name="@AfterSuite closure" time="0.0">
    <ignored/>
  </testcase> <!-- @AfterSuite closure -->
  <testcase classname="resources.BaseActi" name="@AfterSuite closure" time="0.0">
    <ignored/>
  </testcase> <!-- @AfterSuite closure -->
  <testcase classname="resources.BaseActi" name="@AfterSuite closure" time="0.0">
    <ignored/>
  </testcase> <!-- @AfterSuite closure -->
</testsuite> <!-- Test -->
