<?xml version="1.0" encoding="UTF-8"?>
<!-- Generated by org.testng.reporters.JUnitXMLReporter -->
<testsuite ignored="2" hostname="DESKTOP-2JGO8IH" failures="1" tests="2" name="Test" time="15.257" errors="0" timestamp="13 May 2024 06:05:03 GMT">
  <testcase classname="test.CommonTest" name="LoginActiTest" time="15.236"/>
  <testcase classname="test.DeletCustomer" name="DeleteCustomer" time="0.001">
    <failure type="java.lang.NullPointerException" message="Cannot invoke &amp;quot;org.openqa.selenium.WebDriver.findElement(org.openqa.selenium.By)&amp;quot; because &amp;quot;this.driver&amp;quot; is null">
      <![CDATA[java.lang.NullPointerException: Cannot invoke "org.openqa.selenium.WebDriver.findElement(org.openqa.selenium.By)" because "this.driver" is null
	at test.DeletCustomer.DeleteCustomer(DeletCustomer.java:52)
... Removed 25 stack frames]]>
    </failure>
  </testcase> <!-- DeleteCustomer -->
  <testcase classname="resources.BaseActi" name="@BeforeSuite launching" time="0.0">
    <ignored/>
  </testcase> <!-- @BeforeSuite launching -->
  <testcase classname="resources.BaseActi" name="@AfterSuite closure" time="0.0">
    <ignored/>
  </testcase> <!-- @AfterSuite closure -->
</testsuite> <!-- Test -->
