<?xml version="1.0" encoding="UTF-8"?>
<!-- Generated by org.testng.reporters.JUnitXMLReporter -->
<testsuite ignored="0" hostname="DESKTOP-2JGO8IH" failures="0" tests="3" name="UsersPageTest" time="22.716" errors="0" timestamp="25 Jun 2024 10:26:31 GMT">
  <testcase classname="test.UsersPageTest" name="creatingDeartmentTest" time="5.528"/>
  <testcase classname="test.UsersPageTest" name="editingCreatdDepartmentTest" time="2.926"/>
  <testcase classname="test.UsersPageTest" name="deletingDepartment" time="14.248"/>
</testsuite> <!-- UsersPageTest -->
