<?xml version="1.0" encoding="UTF-8"?>
<testng-results ignored="0" total="1" passed="1" failed="0" skipped="0">
  <reporter-output>
  </reporter-output>
  <suite started-at="2024-05-28T05:36:42Z" name="Default suite" finished-at="2024-05-28T05:37:10Z" duration-ms="27385">
    <groups>
    </groups>
    <test started-at="2024-05-28T05:36:42Z" name="Default test" finished-at="2024-05-28T05:37:10Z" duration-ms="27385">
      <class name="test.tasksListCheckTest">
        <test-method is-config="true" signature="launching()[pri:0, instance:test.tasksListCheckTest@74589991]" started-at="2024-05-28T11:06:34Z" name="launching" finished-at="2024-05-28T11:06:42Z" duration-ms="7942" status="PASS">
          <reporter-output>
          </reporter-output>
        </test-method> <!-- launching -->
        <test-method signature="tasksListCheckTest()[pri:0, instance:test.tasksListCheckTest@74589991]" started-at="2024-05-28T11:06:42Z" name="tasksListCheckTest" finished-at="2024-05-28T11:07:10Z" duration-ms="27381" status="PASS">
          <reporter-output>
          </reporter-output>
        </test-method> <!-- tasksListCheckTest -->
        <test-method is-config="true" signature="closure()[pri:0, instance:test.tasksListCheckTest@74589991]" started-at="2024-05-28T11:07:10Z" name="closure" finished-at="2024-05-28T11:07:10Z" duration-ms="114" status="PASS">
          <reporter-output>
          </reporter-output>
        </test-method> <!-- closure -->
      </class> <!-- test.tasksListCheckTest -->
    </test> <!-- Default test -->
  </suite> <!-- Default suite -->
</testng-results>
