<?xml version="1.0" encoding="UTF-8"?>
<testng-results ignored="2" total="3" passed="1" failed="0" skipped="0">
  <reporter-output>
  </reporter-output>
  <suite started-at="2024-06-18T10:49:38Z" name="Default suite" finished-at="2024-06-18T10:49:54Z" duration-ms="16129">
    <groups>
    </groups>
    <test started-at="2024-06-18T10:49:38Z" name="Default test" finished-at="2024-06-18T10:49:54Z" duration-ms="16129">
      <class name="test.customerTest">
        <test-method is-config="true" signature="launching()[pri:0, instance:test.customerTest@6af9fcb2]" started-at="2024-06-18T16:19:20Z" name="launching" finished-at="2024-06-18T16:19:38Z" duration-ms="17847" status="PASS">
          <reporter-output>
          </reporter-output>
        </test-method> <!-- launching -->
        <test-method signature="delete_VerifyTest()[pri:1, instance:test.customerTest@6af9fcb2]" started-at="2024-06-18T16:19:38Z" name="delete_VerifyTest" finished-at="2024-06-18T16:19:54Z" duration-ms="16116" status="PASS">
          <reporter-output>
          </reporter-output>
        </test-method> <!-- delete_VerifyTest -->
        <test-method is-config="true" signature="closure()[pri:0, instance:test.customerTest@6af9fcb2]" started-at="2024-06-18T16:19:54Z" name="closure" finished-at="2024-06-18T16:19:54Z" duration-ms="158" status="PASS">
          <reporter-output>
          </reporter-output>
        </test-method> <!-- closure -->
      </class> <!-- test.customerTest -->
    </test> <!-- Default test -->
  </suite> <!-- Default suite -->
</testng-results>
